c:\visual_studio_projects\garage\myopengllegacy\debug\vc143.pdb
c:\visual_studio_projects\garage\myopengllegacy\debug\vc143.idb
c:\visual_studio_projects\garage\myopengllegacy\debug\texture.obj
c:\visual_studio_projects\garage\myopengllegacy\debug\pyramid.obj
c:\visual_studio_projects\garage\myopengllegacy\debug\point.obj
c:\visual_studio_projects\garage\myopengllegacy\debug\orbitcamera.obj
c:\visual_studio_projects\garage\myopengllegacy\debug\maincar.obj
c:\visual_studio_projects\garage\myopengllegacy\debug\luxuryroom.obj
c:\visual_studio_projects\garage\myopengllegacy\debug\input.obj
c:\visual_studio_projects\garage\myopengllegacy\debug\frontwall.obj
c:\visual_studio_projects\garage\myopengllegacy\debug\fpscamera.obj
c:\visual_studio_projects\garage\myopengllegacy\debug\drivercamera.obj
c:\visual_studio_projects\garage\myopengllegacy\debug\cylinder.obj
c:\visual_studio_projects\garage\myopengllegacy\debug\cube.obj
c:\visual_studio_projects\garage\myopengllegacy\debug\car.obj
c:\visual_studio_projects\garage\myopengllegacy\debug\world.obj
c:\visual_studio_projects\garage\myopengllegacy\debug\main.obj
c:\visual_studio_projects\garage\myopengllegacy\debug\app.obj
c:\visual_studio_projects\garage\myopengllegacy\debug\building.obj
c:\visual_studio_projects\garage\debug\myopengllegacy.exe
c:\visual_studio_projects\garage\myopengllegacy\debug\myopengllegacy.ilk
c:\visual_studio_projects\garage\debug\myopengllegacy.pdb
c:\visual_studio_projects\garage\myopengllegacy\debug\myopengllegacy.tlog\cl.command.1.tlog
c:\visual_studio_projects\garage\myopengllegacy\debug\myopengllegacy.tlog\cl.items.tlog
c:\visual_studio_projects\garage\myopengllegacy\debug\myopengllegacy.tlog\cl.read.1.tlog
c:\visual_studio_projects\garage\myopengllegacy\debug\myopengllegacy.tlog\cl.write.1.tlog
c:\visual_studio_projects\garage\myopengllegacy\debug\myopengllegacy.tlog\link.command.1.tlog
c:\visual_studio_projects\garage\myopengllegacy\debug\myopengllegacy.tlog\link.read.1.tlog
c:\visual_studio_projects\garage\myopengllegacy\debug\myopengllegacy.tlog\link.secondary.1.tlog
c:\visual_studio_projects\garage\myopengllegacy\debug\myopengllegacy.tlog\link.write.1.tlog
