<<<<<<< HEAD
﻿  LuxuryRoom.cpp
  MyOpenGLLegacy.vcxproj -> C:\Users\HP\source\repos\GL_Cars_Project\Debug\MyOpenGLLegacy.exe
  C:\Users\HP\source\repos\GL_Cars_Project\MyOpenGLLegacy\assets\textures\dirt.jpg
  C:\Users\HP\source\repos\GL_Cars_Project\MyOpenGLLegacy\assets\textures\roof.jpg
  C:\Users\HP\source\repos\GL_Cars_Project\MyOpenGLLegacy\assets\textures\sky.hdr
  C:\Users\HP\source\repos\GL_Cars_Project\MyOpenGLLegacy\assets\textures\stone.jpg
  C:\Users\HP\source\repos\GL_Cars_Project\MyOpenGLLegacy\assets\textures\wall.jpg
  C:\Users\HP\source\repos\GL_Cars_Project\MyOpenGLLegacy\assets\textures\wood.jpg
  6 File(s) copied
=======
﻿  App.cpp
  World.cpp
  main.cpp
  Generating Code...
  MyOpenGLLegacy.vcxproj -> C:\visual_studio_projects\garage\Debug\MyOpenGLLegacy.exe
  C:\visual_studio_projects\garage\MyOpenGLLegacy\assets\textures\dirt.jpg
  C:\visual_studio_projects\garage\MyOpenGLLegacy\assets\textures\gray2.jpg
  C:\visual_studio_projects\garage\MyOpenGLLegacy\assets\textures\main_floor1.jpg
  C:\visual_studio_projects\garage\MyOpenGLLegacy\assets\textures\main_floor2.jpg
  C:\visual_studio_projects\garage\MyOpenGLLegacy\assets\textures\main_wall.jpg
  C:\visual_studio_projects\garage\MyOpenGLLegacy\assets\textures\main_wall2.jpg
  C:\visual_studio_projects\garage\MyOpenGLLegacy\assets\textures\siramik.jpg
  C:\visual_studio_projects\garage\MyOpenGLLegacy\assets\textures\sky.hdr
  C:\visual_studio_projects\garage\MyOpenGLLegacy\assets\textures\stone.jpg
  9 File(s) copied
>>>>>>> 7c21ceb087269604ea5f816a09329b1142c445bb
